<?xml version="1.0" encoding="UTF-8"?>
<testsuite xmlns:xsi="http://www.w3.org/2001/XMLSchema-instance" xsi:noNamespaceSchemaLocation="https://maven.apache.org/surefire/maven-surefire-plugin/xsd/surefire-test-report-3.0.xsd" version="3.0" name="TestSuite" time="1,097.393" tests="27" errors="0" skipped="0" failures="0">
  <properties>
    <property name="sun.desktop" value="windows"/>
    <property name="awt.toolkit" value="sun.awt.windows.WToolkit"/>
    <property name="file.encoding.pkg" value="sun.io"/>
    <property name="java.specification.version" value="1.8"/>
    <property name="webdriver.chrome.driver" value=".\\drivers\\chromeDriver\\chromedriver.exe"/>
    <property name="sun.cpu.isalist" value="amd64"/>
    <property name="sun.jnu.encoding" value="Cp1252"/>
    <property name="java.class.path" value="C:\Users\pujaarora\eclipse-workspace\Puja_3164915_RedBus\target\test-classes;C:\Users\pujaarora\eclipse-workspace\Puja_3164915_RedBus\target\classes;C:\Users\pujaarora\.m2\repository\org\apache\logging\log4j\log4j-api\2.14.1\log4j-api-2.14.1.jar;C:\Users\pujaarora\.m2\repository\org\apache\logging\log4j\log4j-core\2.14.1\log4j-core-2.14.1.jar;C:\Users\pujaarora\.m2\repository\org\apache\poi\poi\4.1.2\poi-4.1.2.jar;C:\Users\pujaarora\.m2\repository\commons-codec\commons-codec\1.13\commons-codec-1.13.jar;C:\Users\pujaarora\.m2\repository\org\apache\commons\commons-collections4\4.4\commons-collections4-4.4.jar;C:\Users\pujaarora\.m2\repository\org\apache\commons\commons-math3\3.6.1\commons-math3-3.6.1.jar;C:\Users\pujaarora\.m2\repository\com\zaxxer\SparseBitSet\1.2\SparseBitSet-1.2.jar;C:\Users\pujaarora\.m2\repository\org\apache\poi\poi-ooxml\4.1.2\poi-ooxml-4.1.2.jar;C:\Users\pujaarora\.m2\repository\org\apache\poi\poi-ooxml-schemas\4.1.2\poi-ooxml-schemas-4.1.2.jar;C:\Users\pujaarora\.m2\repository\org\apache\xmlbeans\xmlbeans\3.1.0\xmlbeans-3.1.0.jar;C:\Users\pujaarora\.m2\repository\org\apache\commons\commons-compress\1.19\commons-compress-1.19.jar;C:\Users\pujaarora\.m2\repository\com\github\virtuald\curvesapi\1.06\curvesapi-1.06.jar;C:\Users\pujaarora\.m2\repository\org\seleniumhq\selenium\selenium-java\3.141.59\selenium-java-3.141.59.jar;C:\Users\pujaarora\.m2\repository\org\seleniumhq\selenium\selenium-api\3.141.59\selenium-api-3.141.59.jar;C:\Users\pujaarora\.m2\repository\org\seleniumhq\selenium\selenium-chrome-driver\3.141.59\selenium-chrome-driver-3.141.59.jar;C:\Users\pujaarora\.m2\repository\org\seleniumhq\selenium\selenium-edge-driver\3.141.59\selenium-edge-driver-3.141.59.jar;C:\Users\pujaarora\.m2\repository\org\seleniumhq\selenium\selenium-firefox-driver\3.141.59\selenium-firefox-driver-3.141.59.jar;C:\Users\pujaarora\.m2\repository\org\seleniumhq\selenium\selenium-ie-driver\3.141.59\selenium-ie-driver-3.141.59.jar;C:\Users\pujaarora\.m2\repository\org\seleniumhq\selenium\selenium-opera-driver\3.141.59\selenium-opera-driver-3.141.59.jar;C:\Users\pujaarora\.m2\repository\org\seleniumhq\selenium\selenium-remote-driver\3.141.59\selenium-remote-driver-3.141.59.jar;C:\Users\pujaarora\.m2\repository\org\seleniumhq\selenium\selenium-safari-driver\3.141.59\selenium-safari-driver-3.141.59.jar;C:\Users\pujaarora\.m2\repository\org\seleniumhq\selenium\selenium-support\3.141.59\selenium-support-3.141.59.jar;C:\Users\pujaarora\.m2\repository\net\bytebuddy\byte-buddy\1.8.15\byte-buddy-1.8.15.jar;C:\Users\pujaarora\.m2\repository\org\apache\commons\commons-exec\1.3\commons-exec-1.3.jar;C:\Users\pujaarora\.m2\repository\com\google\guava\guava\25.0-jre\guava-25.0-jre.jar;C:\Users\pujaarora\.m2\repository\com\google\code\findbugs\jsr305\1.3.9\jsr305-1.3.9.jar;C:\Users\pujaarora\.m2\repository\org\checkerframework\checker-compat-qual\2.0.0\checker-compat-qual-2.0.0.jar;C:\Users\pujaarora\.m2\repository\com\google\errorprone\error_prone_annotations\2.1.3\error_prone_annotations-2.1.3.jar;C:\Users\pujaarora\.m2\repository\com\google\j2objc\j2objc-annotations\1.1\j2objc-annotations-1.1.jar;C:\Users\pujaarora\.m2\repository\org\codehaus\mojo\animal-sniffer-annotations\1.14\animal-sniffer-annotations-1.14.jar;C:\Users\pujaarora\.m2\repository\com\squareup\okhttp3\okhttp\3.11.0\okhttp-3.11.0.jar;C:\Users\pujaarora\.m2\repository\com\squareup\okio\okio\1.14.0\okio-1.14.0.jar;C:\Users\pujaarora\.m2\repository\org\testng\testng\6.14.3\testng-6.14.3.jar;C:\Users\pujaarora\.m2\repository\com\beust\jcommander\1.72\jcommander-1.72.jar;C:\Users\pujaarora\.m2\repository\org\apache-extras\beanshell\bsh\2.0b6\bsh-2.0b6.jar;C:\Users\pujaarora\.m2\repository\com\relevantcodes\extentreports\2.41.2\extentreports-2.41.2.jar;C:\Users\pujaarora\.m2\repository\org\jsoup\jsoup\1.8.3\jsoup-1.8.3.jar;C:\Users\pujaarora\.m2\repository\org\xerial\sqlite-jdbc\3.8.11.1\sqlite-jdbc-3.8.11.1.jar;C:\Users\pujaarora\.m2\repository\org\freemarker\freemarker\2.3.23\freemarker-2.3.23.jar;C:\Users\pujaarora\.m2\repository\org\mongodb\mongodb-driver\3.0.4\mongodb-driver-3.0.4.jar;C:\Users\pujaarora\.m2\repository\org\mongodb\bson\3.0.4\bson-3.0.4.jar;C:\Users\pujaarora\.m2\repository\org\mongodb\mongodb-driver-core\3.0.4\mongodb-driver-core-3.0.4.jar;C:\Users\pujaarora\.m2\repository\commons-io\commons-io\2.8.0\commons-io-2.8.0.jar;"/>
    <property name="java.vm.vendor" value="Oracle Corporation"/>
    <property name="sun.arch.data.model" value="64"/>
    <property name="user.variant" value=""/>
    <property name="java.vendor.url" value="http://java.oracle.com/"/>
    <property name="user.timezone" value="Asia/Calcutta"/>
    <property name="java.vm.specification.version" value="1.8"/>
    <property name="os.name" value="Windows 10"/>
    <property name="user.country" value="IN"/>
    <property name="sun.java.launcher" value="SUN_STANDARD"/>
    <property name="sun.boot.library.path" value="C:\Program Files\Java\jdk1.8.0_221\jre\bin"/>
    <property name="sun.java.command" value="C:\Users\pujaarora\AppData\Local\Temp\surefire5908303960568492752\surefirebooter367888257393865709.jar C:\Users\pujaarora\AppData\Local\Temp\surefire5908303960568492752 2021-07-06T03-56-20_540-jvmRun1 surefire8755587503238237388tmp surefire_07805063184001816456tmp"/>
    <property name="surefire.test.class.path" value="C:\Users\pujaarora\eclipse-workspace\Puja_3164915_RedBus\target\test-classes;C:\Users\pujaarora\eclipse-workspace\Puja_3164915_RedBus\target\classes;C:\Users\pujaarora\.m2\repository\org\apache\logging\log4j\log4j-api\2.14.1\log4j-api-2.14.1.jar;C:\Users\pujaarora\.m2\repository\org\apache\logging\log4j\log4j-core\2.14.1\log4j-core-2.14.1.jar;C:\Users\pujaarora\.m2\repository\org\apache\poi\poi\4.1.2\poi-4.1.2.jar;C:\Users\pujaarora\.m2\repository\commons-codec\commons-codec\1.13\commons-codec-1.13.jar;C:\Users\pujaarora\.m2\repository\org\apache\commons\commons-collections4\4.4\commons-collections4-4.4.jar;C:\Users\pujaarora\.m2\repository\org\apache\commons\commons-math3\3.6.1\commons-math3-3.6.1.jar;C:\Users\pujaarora\.m2\repository\com\zaxxer\SparseBitSet\1.2\SparseBitSet-1.2.jar;C:\Users\pujaarora\.m2\repository\org\apache\poi\poi-ooxml\4.1.2\poi-ooxml-4.1.2.jar;C:\Users\pujaarora\.m2\repository\org\apache\poi\poi-ooxml-schemas\4.1.2\poi-ooxml-schemas-4.1.2.jar;C:\Users\pujaarora\.m2\repository\org\apache\xmlbeans\xmlbeans\3.1.0\xmlbeans-3.1.0.jar;C:\Users\pujaarora\.m2\repository\org\apache\commons\commons-compress\1.19\commons-compress-1.19.jar;C:\Users\pujaarora\.m2\repository\com\github\virtuald\curvesapi\1.06\curvesapi-1.06.jar;C:\Users\pujaarora\.m2\repository\org\seleniumhq\selenium\selenium-java\3.141.59\selenium-java-3.141.59.jar;C:\Users\pujaarora\.m2\repository\org\seleniumhq\selenium\selenium-api\3.141.59\selenium-api-3.141.59.jar;C:\Users\pujaarora\.m2\repository\org\seleniumhq\selenium\selenium-chrome-driver\3.141.59\selenium-chrome-driver-3.141.59.jar;C:\Users\pujaarora\.m2\repository\org\seleniumhq\selenium\selenium-edge-driver\3.141.59\selenium-edge-driver-3.141.59.jar;C:\Users\pujaarora\.m2\repository\org\seleniumhq\selenium\selenium-firefox-driver\3.141.59\selenium-firefox-driver-3.141.59.jar;C:\Users\pujaarora\.m2\repository\org\seleniumhq\selenium\selenium-ie-driver\3.141.59\selenium-ie-driver-3.141.59.jar;C:\Users\pujaarora\.m2\repository\org\seleniumhq\selenium\selenium-opera-driver\3.141.59\selenium-opera-driver-3.141.59.jar;C:\Users\pujaarora\.m2\repository\org\seleniumhq\selenium\selenium-remote-driver\3.141.59\selenium-remote-driver-3.141.59.jar;C:\Users\pujaarora\.m2\repository\org\seleniumhq\selenium\selenium-safari-driver\3.141.59\selenium-safari-driver-3.141.59.jar;C:\Users\pujaarora\.m2\repository\org\seleniumhq\selenium\selenium-support\3.141.59\selenium-support-3.141.59.jar;C:\Users\pujaarora\.m2\repository\net\bytebuddy\byte-buddy\1.8.15\byte-buddy-1.8.15.jar;C:\Users\pujaarora\.m2\repository\org\apache\commons\commons-exec\1.3\commons-exec-1.3.jar;C:\Users\pujaarora\.m2\repository\com\google\guava\guava\25.0-jre\guava-25.0-jre.jar;C:\Users\pujaarora\.m2\repository\com\google\code\findbugs\jsr305\1.3.9\jsr305-1.3.9.jar;C:\Users\pujaarora\.m2\repository\org\checkerframework\checker-compat-qual\2.0.0\checker-compat-qual-2.0.0.jar;C:\Users\pujaarora\.m2\repository\com\google\errorprone\error_prone_annotations\2.1.3\error_prone_annotations-2.1.3.jar;C:\Users\pujaarora\.m2\repository\com\google\j2objc\j2objc-annotations\1.1\j2objc-annotations-1.1.jar;C:\Users\pujaarora\.m2\repository\org\codehaus\mojo\animal-sniffer-annotations\1.14\animal-sniffer-annotations-1.14.jar;C:\Users\pujaarora\.m2\repository\com\squareup\okhttp3\okhttp\3.11.0\okhttp-3.11.0.jar;C:\Users\pujaarora\.m2\repository\com\squareup\okio\okio\1.14.0\okio-1.14.0.jar;C:\Users\pujaarora\.m2\repository\org\testng\testng\6.14.3\testng-6.14.3.jar;C:\Users\pujaarora\.m2\repository\com\beust\jcommander\1.72\jcommander-1.72.jar;C:\Users\pujaarora\.m2\repository\org\apache-extras\beanshell\bsh\2.0b6\bsh-2.0b6.jar;C:\Users\pujaarora\.m2\repository\com\relevantcodes\extentreports\2.41.2\extentreports-2.41.2.jar;C:\Users\pujaarora\.m2\repository\org\jsoup\jsoup\1.8.3\jsoup-1.8.3.jar;C:\Users\pujaarora\.m2\repository\org\xerial\sqlite-jdbc\3.8.11.1\sqlite-jdbc-3.8.11.1.jar;C:\Users\pujaarora\.m2\repository\org\freemarker\freemarker\2.3.23\freemarker-2.3.23.jar;C:\Users\pujaarora\.m2\repository\org\mongodb\mongodb-driver\3.0.4\mongodb-driver-3.0.4.jar;C:\Users\pujaarora\.m2\repository\org\mongodb\bson\3.0.4\bson-3.0.4.jar;C:\Users\pujaarora\.m2\repository\org\mongodb\mongodb-driver-core\3.0.4\mongodb-driver-core-3.0.4.jar;C:\Users\pujaarora\.m2\repository\commons-io\commons-io\2.8.0\commons-io-2.8.0.jar;"/>
    <property name="sun.cpu.endian" value="little"/>
    <property name="user.home" value="C:\Users\pujaarora"/>
    <property name="user.language" value="en"/>
    <property name="java.specification.vendor" value="Oracle Corporation"/>
    <property name="java.home" value="C:\Program Files\Java\jdk1.8.0_221\jre"/>
    <property name="basedir" value="C:\Users\pujaarora\eclipse-workspace\Puja_3164915_RedBus"/>
    <property name="file.separator" value="\"/>
    <property name="line.separator" value="&#10;"/>
    <property name="java.vm.specification.vendor" value="Oracle Corporation"/>
    <property name="java.specification.name" value="Java Platform API Specification"/>
    <property name="java.awt.graphicsenv" value="sun.awt.Win32GraphicsEnvironment"/>
    <property name="surefire.real.class.path" value="C:\Users\pujaarora\AppData\Local\Temp\surefire5908303960568492752\surefirebooter367888257393865709.jar"/>
    <property name="sun.boot.class.path" value="C:\Program Files\Java\jdk1.8.0_221\jre\lib\resources.jar;C:\Program Files\Java\jdk1.8.0_221\jre\lib\rt.jar;C:\Program Files\Java\jdk1.8.0_221\jre\lib\sunrsasign.jar;C:\Program Files\Java\jdk1.8.0_221\jre\lib\jsse.jar;C:\Program Files\Java\jdk1.8.0_221\jre\lib\jce.jar;C:\Program Files\Java\jdk1.8.0_221\jre\lib\charsets.jar;C:\Program Files\Java\jdk1.8.0_221\jre\lib\jfr.jar;C:\Program Files\Java\jdk1.8.0_221\jre\classes"/>
    <property name="user.script" value=""/>
    <property name="sun.management.compiler" value="HotSpot 64-Bit Tiered Compilers"/>
    <property name="java.runtime.version" value="1.8.0_221-b11"/>
    <property name="user.name" value="pujaarora"/>
    <property name="path.separator" value=";"/>
    <property name="os.version" value="10.0"/>
    <property name="java.endorsed.dirs" value="C:\Program Files\Java\jdk1.8.0_221\jre\lib\endorsed"/>
    <property name="java.runtime.name" value="Java(TM) SE Runtime Environment"/>
    <property name="file.encoding" value="Cp1252"/>
    <property name="java.vm.name" value="Java HotSpot(TM) 64-Bit Server VM"/>
    <property name="localRepository" value="C:\Users\pujaarora\.m2\repository"/>
    <property name="java.vendor.url.bug" value="http://bugreport.sun.com/bugreport/"/>
    <property name="java.io.tmpdir" value="C:\Users\PUJAAR~1\AppData\Local\Temp\"/>
    <property name="java.version" value="1.8.0_221"/>
    <property name="user.dir" value="C:\Users\pujaarora\eclipse-workspace\Puja_3164915_RedBus"/>
    <property name="os.arch" value="amd64"/>
    <property name="java.vm.specification.name" value="Java Virtual Machine Specification"/>
    <property name="java.awt.printerjob" value="sun.awt.windows.WPrinterJob"/>
    <property name="sun.os.patch.level" value=""/>
    <property name="java.library.path" value="C:\Program Files\Java\jdk1.8.0_221\jre\bin;C:\Windows\Sun\Java\bin;C:\Windows\system32;C:\Windows;C:/Program Files/Java/jre1.8.0_291/bin/server;C:/Program Files/Java/jre1.8.0_291/bin;C:/Program Files/Java/jre1.8.0_291/lib/amd64;C:\Program Files\Python39\Scripts\;C:\Program Files\Python39\;C:\Program Files\Microsoft MPI\Bin\;C:\Program Files (x86)\Common Files\Oracle\Java\javapath;C:\Windows\system32;C:\Windows;C:\Windows\System32\Wbem;C:\Windows\System32\WindowsPowerShell\v1.0\;C:\Windows\System32\OpenSSH\;C:\Program Files\TortoiseSVN\bin;C:\Program Files\dotnet\;C:\Program Files (x86)\Microsoft SQL Server\150\DTS\Binn\;C:\Program Files\Azure Data Studio\bin;C:\Program Files\Microsoft SQL Server\130\Tools\Binn\;C:\Program Files (x86)\Microsoft SQL Server\140\Tools\Binn\;C:\Program Files\Microsoft SQL Server\140\Tools\Binn\;C:\Program Files (x86)\Microsoft SQL Server\140\DTS\Binn\;C:\Program Files\Microsoft SQL Server\140\DTS\Binn\;C:\Program Files\Microsoft SQL Server\Client SDK\ODBC\130\Tools\Binn\;C:\Program Files\apache-maven-3.6.3-bin\apache-maven-3.6.3\bin;C:\Program Files\Java\jdk1.8.0_221\bin;C:\Program Files\Java\jre1.8.0_221\bin;C:\Users\pujaarora\AppData\Local\Android\Sdk\platform-tools;C:\Users\pujaarora\AppData\Local\Android\Sdk\tools;C:\Program Files\nodejs\;C:\Program Files\Google\Chrome\Application;C:\Program Files\Git\cmd;C:\Users\pujaarora\AppData\Local\Microsoft\WindowsApps;C:\Users\pujaarora\.dotnet\tools;C:\Program Files\Azure Data Studio\bin;C:\Users\pujaarora\AppData\Roaming\npm;C:\Automation - Seti -Software\eclipse-jee-photon-R-win32-x86_64\eclipse;;."/>
    <property name="java.vm.info" value="mixed mode"/>
    <property name="java.vendor" value="Oracle Corporation"/>
    <property name="java.vm.version" value="25.221-b11"/>
    <property name="java.ext.dirs" value="C:\Program Files\Java\jdk1.8.0_221\jre\lib\ext;C:\Windows\Sun\Java\lib\ext"/>
    <property name="sun.io.unicode.encoding" value="UnicodeLittle"/>
    <property name="java.class.version" value="52.0"/>
  </properties>
  <testcase name="bookSeat_loggedInRedBusAccount" classname="tests.TestsType_BookSeat" time="120.714">
    <system-out><![CDATA[03:56:24.009 [main] INFO  tests.Test_BaseTest - _____________________NEW SUITE_____________________
03:56:24.993 [main] INFO  tests.TestsType_BookSeat - Start test - bookSeat_loggedInRedBusAccount
03:57:25.859 [main] INFO  tests.TestsType_BookSeat - login is successful
Book Bus Travels, AC Volvo Bus, rPool & Bus Hire - redBus IndiaBook Bus Travels, AC Volvo Bus, rPool & Bus Hire - redBus IndiafalsefalseAmritsar to Chandigarh Bus Tickets Booking, Save upto 25% - redBus03:57:52.214 [main] INFO  tests.TestsType_BookSeat - src,dest,date fields are filled and search clicked
03:58:10.909 [main] INFO  tests.TestsType_BookSeat - view seats result displayed
03:58:10.909 [main] INFO  tests.TestsType_BookSeat - view seats info displayed
03:58:11.307 [main] INFO  tests.TestsType_BookSeat - seat is selected
03:58:14.605 [main] INFO  tests.TestsType_BookSeat - trip time 1st option choosed
03:58:21.431 [main] INFO  tests.TestsType_BookSeat - continue and proceeded with info validation of trip by time and source
03:58:24.611 [main] INFO  tests.TestsType_BookSeat - navigated to passenger details page
03:58:25.651 [main] INFO  tests.TestsType_BookSeat - test end____________________________________________________
]]></system-out>
    <system-err><![CDATA[Starting ChromeDriver 91.0.4472.101 (af52a90bf87030dd1523486a1cd3ae25c5d76c9b-refs/branch-heads/4472@{#1462}) on port 5460
Only local connections are allowed.
Please see https://chromedriver.chromium.org/security-considerations for suggestions on keeping ChromeDriver safe.
ChromeDriver was started successfully.
Jul 06, 2021 3:56:27 AM org.openqa.selenium.remote.ProtocolHandshake createSession
INFO: Detected dialect: W3C
]]></system-err>
  </testcase>
  <testcase name="loginWithFacebookTest" classname="tests.TestsType_Login" time="59.329">
    <system-out><![CDATA[03:58:25.676 [main] INFO  tests.TestsType_Login - Start test - testCase_loginWithFacebookTest
03:58:43.946 [main] INFO  tests.TestsType_Login - facebook browser login
03:58:51.352 [main] INFO  tests.TestsType_Login - navigate to site home page
03:58:53.102 [main] INFO  tests.TestsType_Login - navigate to sign in page
03:59:02.592 [main] INFO  tests.TestsType_Login - sign in with facebook choosed
03:59:23.984 [main] INFO  tests.TestsType_Login - sign out appers
03:59:24.998 [main] INFO  tests.TestsType_Login - test ends____________________________________________________
]]></system-out>
    <system-err><![CDATA[Starting ChromeDriver 91.0.4472.101 (af52a90bf87030dd1523486a1cd3ae25c5d76c9b-refs/branch-heads/4472@{#1462}) on port 34917
Only local connections are allowed.
Please see https://chromedriver.chromium.org/security-considerations for suggestions on keeping ChromeDriver safe.
ChromeDriver was started successfully.
Jul 06, 2021 3:58:27 AM org.openqa.selenium.remote.ProtocolHandshake createSession
INFO: Detected dialect: W3C
]]></system-err>
  </testcase>
  <testcase name="loginWithGoogleTest" classname="tests.TestsType_Login" time="80.694">
    <system-out><![CDATA[03:59:25.001 [main] INFO  tests.TestsType_Login - Start test - testCase_loginWithGoogleTest
03:59:55.120 [main] INFO  tests.TestsType_Login - google browser login
04:00:00.937 [main] INFO  tests.TestsType_Login - navigate to site home page
04:00:10.584 [main] INFO  tests.TestsType_Login - navigate to sign in page
04:00:14.006 [main] INFO  tests.TestsType_Login - sign in with google choosed
04:00:44.585 [main] INFO  tests.TestsType_Login - sign out appers
04:00:45.701 [main] INFO  tests.TestsType_Login - test ends____________________________________________________
]]></system-out>
    <system-err><![CDATA[Starting ChromeDriver 91.0.4472.101 (af52a90bf87030dd1523486a1cd3ae25c5d76c9b-refs/branch-heads/4472@{#1462}) on port 47156
Only local connections are allowed.
Please see https://chromedriver.chromium.org/security-considerations for suggestions on keeping ChromeDriver safe.
ChromeDriver was started successfully.
Jul 06, 2021 3:59:26 AM org.openqa.selenium.remote.ProtocolHandshake createSession
INFO: Detected dialect: W3C
]]></system-err>
  </testcase>
  <testcase name="loginWithPhnNoInValidTest" classname="tests.TestsType_Login" time="26.302">
    <system-out><![CDATA[04:00:45.705 [main] INFO  tests.TestsType_Login - Start test - testCase_loginWithPhnNoInValidTest
04:00:58.254 [main] INFO  tests.TestsType_Login - navigate to site home page
04:01:04.654 [main] INFO  tests.TestsType_Login - navigate to sign in page
04:01:11.031 [main] INFO  tests.TestsType_Login - invalid phn no filled and error msg appears
04:01:12.013 [main] INFO  tests.TestsType_Login - test ends____________________________________________________
]]></system-out>
    <system-err><![CDATA[Starting ChromeDriver 91.0.4472.101 (af52a90bf87030dd1523486a1cd3ae25c5d76c9b-refs/branch-heads/4472@{#1462}) on port 11671
Only local connections are allowed.
Please see https://chromedriver.chromium.org/security-considerations for suggestions on keeping ChromeDriver safe.
ChromeDriver was started successfully.
Jul 06, 2021 4:00:47 AM org.openqa.selenium.remote.ProtocolHandshake createSession
INFO: Detected dialect: W3C
]]></system-err>
  </testcase>
  <testcase name="loginWithPhnNoValidTest" classname="tests.TestsType_Login" time="23.984">
    <system-out><![CDATA[04:01:12.017 [main] INFO  tests.TestsType_Login - Start test - testCase_loginWithPhnNoValidTest
04:01:21.760 [main] INFO  tests.TestsType_Login - navigate to site home page
04:01:28.586 [main] INFO  tests.TestsType_Login - navigate to sign in page
04:01:34.969 [main] INFO  tests.TestsType_Login - phn no filled no error msg appears
04:01:35.095 [main] INFO  tests.TestsType_Login - captcha box appears
04:01:36.012 [main] INFO  tests.TestsType_Login - test ends____________________________________________________
]]></system-out>
    <system-err><![CDATA[Starting ChromeDriver 91.0.4472.101 (af52a90bf87030dd1523486a1cd3ae25c5d76c9b-refs/branch-heads/4472@{#1462}) on port 26690
Only local connections are allowed.
Please see https://chromedriver.chromium.org/security-considerations for suggestions on keeping ChromeDriver safe.
ChromeDriver was started successfully.
Jul 06, 2021 4:01:13 AM org.openqa.selenium.remote.ProtocolHandshake createSession
INFO: Detected dialect: W3C
]]></system-err>
  </testcase>
  <testcase name="searchtest" classname="tests.TestsType_SearchCityNameAndDateTest" time="88.27">
    <system-out><![CDATA[04:01:36.145 [main] INFO  tests.TestsType_SearchCityNameAndDateTest - Start test - testCase_SearchCityNameAndDateTest_searchtest
04:01:44.846 [main] INFO  tests.TestsType_SearchCityNameAndDateTest - navigate to home page
falsefalseDelhi to Gurgaon Bus Tickets Booking, Save upto 25% - redBus04:02:07.631 [main] INFO  tests.TestsType_SearchCityNameAndDateTest - filled details src,dest,date areDelhi Gurgaon 31-8-2021
04:02:08.582 [main] INFO  tests.TestsType_SearchCityNameAndDateTest - SearchCityNameAndDateTest_searchtest_Delhi Gurgaon 31-8-2021 test ends
04:02:09.167 [main] INFO  tests.TestsType_SearchCityNameAndDateTest - navigate to home page
falsefalseAmritsar to Chandigarh Bus Tickets Booking, Save upto 25% - redBus04:02:35.351 [main] INFO  tests.TestsType_SearchCityNameAndDateTest - filled details src,dest,date areAmritsar Chandigarh 29-10-2021
04:02:36.049 [main] INFO  tests.TestsType_SearchCityNameAndDateTest - SearchCityNameAndDateTest_searchtest_Amritsar Chandigarh 29-10-2021 test ends
04:02:36.346 [main] INFO  tests.TestsType_SearchCityNameAndDateTest - navigate to home page
falsefalseLucknow to Kanpur Bus Tickets Booking, Save upto 25% - redBus04:03:02.495 [main] INFO  tests.TestsType_SearchCityNameAndDateTest - filled details src,dest,date areLucknow Kanpur 13-12-2021
04:03:03.152 [main] INFO  tests.TestsType_SearchCityNameAndDateTest - SearchCityNameAndDateTest_searchtest_Lucknow Kanpur 13-12-2021 test ends
04:03:04.408 [main] INFO  tests.TestsType_SearchCityNameAndDateTest - test ends__________________________
]]></system-out>
    <system-err><![CDATA[Starting ChromeDriver 91.0.4472.101 (af52a90bf87030dd1523486a1cd3ae25c5d76c9b-refs/branch-heads/4472@{#1462}) on port 25411
Only local connections are allowed.
Please see https://chromedriver.chromium.org/security-considerations for suggestions on keeping ChromeDriver safe.
ChromeDriver was started successfully.
Jul 06, 2021 4:01:37 AM org.openqa.selenium.remote.ProtocolHandshake createSession
INFO: Detected dialect: W3C
]]></system-err>
  </testcase>
  <testcase name="cancelTicket_invalidtin_invalidemail" classname="tests.TestsType_CancelTicket" time="20.709">
    <system-out><![CDATA[04:03:04.469 [main] INFO  tests.TestsType_CancelTicket - Start test - testCase_cancelTicket_invalidtin_invalidemail
04:03:24.088 [main] INFO  tests.TestsType_CancelTicket - navigated to cancel ticket page and details filled and submit clicked
04:03:24.172 [main] INFO  tests.TestsType_CancelTicket - warning validated
04:03:25.134 [main] INFO  tests.TestsType_CancelTicket - test end____________________________________________________
]]></system-out>
    <system-err><![CDATA[Starting ChromeDriver 91.0.4472.101 (af52a90bf87030dd1523486a1cd3ae25c5d76c9b-refs/branch-heads/4472@{#1462}) on port 2945
Only local connections are allowed.
Please see https://chromedriver.chromium.org/security-considerations for suggestions on keeping ChromeDriver safe.
ChromeDriver was started successfully.
Jul 06, 2021 4:03:06 AM org.openqa.selenium.remote.ProtocolHandshake createSession
INFO: Detected dialect: W3C
]]></system-err>
  </testcase>
  <testcase name="cancelTicket_invalidtin_validemail" classname="tests.TestsType_CancelTicket" time="25.745">
    <system-out><![CDATA[04:03:25.137 [main] INFO  tests.TestsType_CancelTicket - Start test - testCase_cancelTicket_invalidtin_validemail
04:03:49.832 [main] INFO  tests.TestsType_CancelTicket - navigated to cancel ticket page and details filled and submit clicked
04:03:49.907 [main] INFO  tests.TestsType_CancelTicket - warning validated
04:03:50.918 [main] INFO  tests.TestsType_CancelTicket - end test____________________________________________________
]]></system-out>
    <system-err><![CDATA[Starting ChromeDriver 91.0.4472.101 (af52a90bf87030dd1523486a1cd3ae25c5d76c9b-refs/branch-heads/4472@{#1462}) on port 39204
Only local connections are allowed.
Please see https://chromedriver.chromium.org/security-considerations for suggestions on keeping ChromeDriver safe.
ChromeDriver was started successfully.
Jul 06, 2021 4:03:26 AM org.openqa.selenium.remote.ProtocolHandshake createSession
INFO: Detected dialect: W3C
]]></system-err>
  </testcase>
  <testcase name="cancelTicket_validtin_invalidemail" classname="tests.TestsType_CancelTicket" time="22.585">
    <system-out><![CDATA[04:03:50.921 [main] INFO  tests.TestsType_CancelTicket - Start test - testCase_cancelTicket_validtin_invalidemail
04:04:12.447 [main] INFO  tests.TestsType_CancelTicket - navigated to cancel ticket page and details filled and submit clicked
04:04:12.523 [main] INFO  tests.TestsType_CancelTicket - warning validated
04:04:13.500 [main] INFO  tests.TestsType_CancelTicket - test end____________________________________________________
]]></system-out>
    <system-err><![CDATA[Starting ChromeDriver 91.0.4472.101 (af52a90bf87030dd1523486a1cd3ae25c5d76c9b-refs/branch-heads/4472@{#1462}) on port 13953
Only local connections are allowed.
Please see https://chromedriver.chromium.org/security-considerations for suggestions on keeping ChromeDriver safe.
ChromeDriver was started successfully.
Jul 06, 2021 4:03:52 AM org.openqa.selenium.remote.ProtocolHandshake createSession
INFO: Detected dialect: W3C
]]></system-err>
  </testcase>
  <testcase name="cancelTicket_validtin_validemail" classname="tests.TestsType_CancelTicket" time="18.45">
    <system-out><![CDATA[04:04:13.502 [main] INFO  tests.TestsType_CancelTicket - Start test - testCase_cancelTicket_validtin_validemail
04:04:20.249 [main] INFO  tests.TestsType_CancelTicket - navigated to home page
04:04:27.054 [main] INFO  tests.TestsType_CancelTicket - navigated to cancel ticket page
04:04:30.985 [main] INFO  tests.TestsType_CancelTicket - details filled submit clicked
04:04:31.952 [main] INFO  tests.TestsType_CancelTicket - end test____________________________________________________
]]></system-out>
    <system-err><![CDATA[Starting ChromeDriver 91.0.4472.101 (af52a90bf87030dd1523486a1cd3ae25c5d76c9b-refs/branch-heads/4472@{#1462}) on port 24779
Only local connections are allowed.
Please see https://chromedriver.chromium.org/security-considerations for suggestions on keeping ChromeDriver safe.
ChromeDriver was started successfully.
Jul 06, 2021 4:04:15 AM org.openqa.selenium.remote.ProtocolHandshake createSession
INFO: Detected dialect: W3C
]]></system-err>
  </testcase>
  <testcase name="ChangeTravelDate_invalidtin_invalidemail" classname="tests.TestsType_ChangeTravelDate" time="30.121">
    <system-out><![CDATA[04:04:32.021 [main] INFO  tests.TestsType_ChangeTravelDate - Start test - testCase_ChangeTravelDate_invalidtin_invalidemail
04:05:01.281 [main] INFO  tests.TestsType_ChangeTravelDate - navigated to changeTravelDate page and details filled and submit clicked
04:05:01.348 [main] INFO  tests.TestsType_ChangeTravelDate - warning validated
04:05:02.138 [main] INFO  tests.TestsType_ChangeTravelDate - end test____________________________________________________
]]></system-out>
    <system-err><![CDATA[Starting ChromeDriver 91.0.4472.101 (af52a90bf87030dd1523486a1cd3ae25c5d76c9b-refs/branch-heads/4472@{#1462}) on port 39879
Only local connections are allowed.
Please see https://chromedriver.chromium.org/security-considerations for suggestions on keeping ChromeDriver safe.
ChromeDriver was started successfully.
Jul 06, 2021 4:04:33 AM org.openqa.selenium.remote.ProtocolHandshake createSession
INFO: Detected dialect: W3C
]]></system-err>
  </testcase>
  <testcase name="ChangeTravelDate_invalidtin_validemail" classname="tests.TestsType_ChangeTravelDate" time="22.183">
    <system-out><![CDATA[04:05:02.140 [main] INFO  tests.TestsType_ChangeTravelDate - Start test - testCase_ChangeTravelDate_invalidtin_validemail
04:05:23.212 [main] INFO  tests.TestsType_ChangeTravelDate - navigated to changeTravelDate page and details filled and submit clicked
04:05:23.290 [main] INFO  tests.TestsType_ChangeTravelDate - warning validated
04:05:24.321 [main] INFO  tests.TestsType_ChangeTravelDate - end test____________________________________________________
]]></system-out>
    <system-err><![CDATA[Starting ChromeDriver 91.0.4472.101 (af52a90bf87030dd1523486a1cd3ae25c5d76c9b-refs/branch-heads/4472@{#1462}) on port 13930
Only local connections are allowed.
Please see https://chromedriver.chromium.org/security-considerations for suggestions on keeping ChromeDriver safe.
ChromeDriver was started successfully.
Jul 06, 2021 4:05:03 AM org.openqa.selenium.remote.ProtocolHandshake createSession
INFO: Detected dialect: W3C
]]></system-err>
  </testcase>
  <testcase name="ChangeTravelDate_validtin_invalidemail" classname="tests.TestsType_ChangeTravelDate" time="21.081">
    <system-out><![CDATA[04:05:24.323 [main] INFO  tests.TestsType_ChangeTravelDate - Start test - testCase_ChangeTravelDate_validtin_invalidemail
04:05:44.385 [main] INFO  tests.TestsType_ChangeTravelDate - navigated to changeTravelDate page and details filled and submit clicked
04:05:44.463 [main] INFO  tests.TestsType_ChangeTravelDate - warning validated
04:05:45.400 [main] INFO  tests.TestsType_ChangeTravelDate - end test__________________________
]]></system-out>
    <system-err><![CDATA[Starting ChromeDriver 91.0.4472.101 (af52a90bf87030dd1523486a1cd3ae25c5d76c9b-refs/branch-heads/4472@{#1462}) on port 45638
Only local connections are allowed.
Please see https://chromedriver.chromium.org/security-considerations for suggestions on keeping ChromeDriver safe.
ChromeDriver was started successfully.
Jul 06, 2021 4:05:25 AM org.openqa.selenium.remote.ProtocolHandshake createSession
INFO: Detected dialect: W3C
]]></system-err>
  </testcase>
  <testcase name="ChangeTravelDate_validtin_validemail" classname="tests.TestsType_ChangeTravelDate" time="19.15">
    <system-out><![CDATA[04:05:45.403 [main] INFO  tests.TestsType_ChangeTravelDate - Start test - testCase_ChangeTravelDate_validtin_validemail
04:05:52.720 [main] INFO  tests.TestsType_ChangeTravelDate - navigated to home page
04:05:59.807 [main] INFO  tests.TestsType_ChangeTravelDate - navigated to ChangeTravelDate page
04:06:03.547 [main] INFO  tests.TestsType_ChangeTravelDate - details filled submit clicked
04:06:04.548 [main] INFO  tests.TestsType_ChangeTravelDate - end test____________________________________________________
]]></system-out>
    <system-err><![CDATA[Starting ChromeDriver 91.0.4472.101 (af52a90bf87030dd1523486a1cd3ae25c5d76c9b-refs/branch-heads/4472@{#1462}) on port 7679
Only local connections are allowed.
Please see https://chromedriver.chromium.org/security-considerations for suggestions on keeping ChromeDriver safe.
ChromeDriver was started successfully.
Jul 06, 2021 4:05:46 AM org.openqa.selenium.remote.ProtocolHandshake createSession
INFO: Detected dialect: W3C
]]></system-err>
  </testcase>
  <testcase name="showMyTicket_invalidtin_invalidemail" classname="tests.TestsType_ShowMyTicket" time="19.258">
    <system-out><![CDATA[04:06:04.618 [main] INFO  tests.TestsType_ShowMyTicket - Start test - testCase_showMyTicket_invalidtin_invalidemail
04:06:22.581 [main] INFO  tests.TestsType_ShowMyTicket - navigated to showMyTicket page and details filled and submit clicked
04:06:22.884 [main] INFO  tests.TestsType_ShowMyTicket - warning validated
04:06:23.870 [main] INFO  tests.TestsType_ShowMyTicket - end test____________________________________________________
]]></system-out>
    <system-err><![CDATA[Starting ChromeDriver 91.0.4472.101 (af52a90bf87030dd1523486a1cd3ae25c5d76c9b-refs/branch-heads/4472@{#1462}) on port 18789
Only local connections are allowed.
Please see https://chromedriver.chromium.org/security-considerations for suggestions on keeping ChromeDriver safe.
ChromeDriver was started successfully.
Jul 06, 2021 4:06:06 AM org.openqa.selenium.remote.ProtocolHandshake createSession
INFO: Detected dialect: W3C
]]></system-err>
  </testcase>
  <testcase name="showMyTicket_invalidtin_validemail" classname="tests.TestsType_ShowMyTicket" time="21.751">
    <system-out><![CDATA[04:06:23.873 [main] INFO  tests.TestsType_ShowMyTicket - Start test - testCase_showMyTicket_invalidtin_validemail
04:06:44.293 [main] INFO  tests.TestsType_ShowMyTicket - navigated to showMyTicket page and details filled and submit clicked
04:06:44.708 [main] INFO  tests.TestsType_ShowMyTicket - warning validated
04:06:45.620 [main] INFO  tests.TestsType_ShowMyTicket - end test____________________________________________________
]]></system-out>
    <system-err><![CDATA[Starting ChromeDriver 91.0.4472.101 (af52a90bf87030dd1523486a1cd3ae25c5d76c9b-refs/branch-heads/4472@{#1462}) on port 27902
Only local connections are allowed.
Please see https://chromedriver.chromium.org/security-considerations for suggestions on keeping ChromeDriver safe.
ChromeDriver was started successfully.
Jul 06, 2021 4:06:25 AM org.openqa.selenium.remote.ProtocolHandshake createSession
INFO: Detected dialect: W3C
]]></system-err>
  </testcase>
  <testcase name="showMyTicket_validtin_invalidemail" classname="tests.TestsType_ShowMyTicket" time="19.112">
    <system-out><![CDATA[04:06:45.625 [main] INFO  tests.TestsType_ShowMyTicket - Start test - testCase_showMyTicket_validtin_invalidemail
04:07:03.557 [main] INFO  tests.TestsType_ShowMyTicket - navigated to showMyTicket page and details filled and submit clicked
04:07:03.811 [main] INFO  tests.TestsType_ShowMyTicket - warning validated
04:07:04.733 [main] INFO  tests.TestsType_ShowMyTicket - end test____________________________________________________
]]></system-out>
    <system-err><![CDATA[Starting ChromeDriver 91.0.4472.101 (af52a90bf87030dd1523486a1cd3ae25c5d76c9b-refs/branch-heads/4472@{#1462}) on port 12688
Only local connections are allowed.
Please see https://chromedriver.chromium.org/security-considerations for suggestions on keeping ChromeDriver safe.
ChromeDriver was started successfully.
Jul 06, 2021 4:06:46 AM org.openqa.selenium.remote.ProtocolHandshake createSession
INFO: Detected dialect: W3C
]]></system-err>
  </testcase>
  <testcase name="showMyTicket_validtin_validemail" classname="tests.TestsType_ShowMyTicket" time="20.135">
    <system-out><![CDATA[04:07:04.735 [main] INFO  tests.TestsType_ShowMyTicket - Start test - testCase_showMyTicket_validtin_validemail
04:07:12.489 [main] INFO  tests.TestsType_ShowMyTicket - navigated to home page
04:07:19.473 [main] INFO  tests.TestsType_ShowMyTicket - navigated to show my ticket page
04:07:23.978 [main] INFO  tests.TestsType_ShowMyTicket - details filled and submit clicked
04:07:24.867 [main] INFO  tests.TestsType_ShowMyTicket - end test____________________________________________________
]]></system-out>
    <system-err><![CDATA[Starting ChromeDriver 91.0.4472.101 (af52a90bf87030dd1523486a1cd3ae25c5d76c9b-refs/branch-heads/4472@{#1462}) on port 37868
Only local connections are allowed.
Please see https://chromedriver.chromium.org/security-considerations for suggestions on keeping ChromeDriver safe.
ChromeDriver was started successfully.
Jul 06, 2021 4:07:06 AM org.openqa.selenium.remote.ProtocolHandshake createSession
INFO: Detected dialect: W3C
]]></system-err>
  </testcase>
  <testcase name="emailSmsTicket_invalidtin_invalidemail" classname="tests.TestsType_EmailSmsTicket" time="29.696">
    <system-out><![CDATA[04:07:24.933 [main] INFO  tests.TestsType_EmailSmsTicket - Start test - testCase_emailSmsTicket_invalidtin_invalidemail
04:07:53.594 [main] INFO  tests.TestsType_EmailSmsTicket - navigated to emailSmsTicket page and details filled and submit clicked
04:07:53.679 [main] INFO  tests.TestsType_EmailSmsTicket - warning validated
04:07:54.627 [main] INFO  tests.TestsType_EmailSmsTicket - end test____________________________________________________
]]></system-out>
    <system-err><![CDATA[Starting ChromeDriver 91.0.4472.101 (af52a90bf87030dd1523486a1cd3ae25c5d76c9b-refs/branch-heads/4472@{#1462}) on port 9632
Only local connections are allowed.
Please see https://chromedriver.chromium.org/security-considerations for suggestions on keeping ChromeDriver safe.
ChromeDriver was started successfully.
Jul 06, 2021 4:07:26 AM org.openqa.selenium.remote.ProtocolHandshake createSession
INFO: Detected dialect: W3C
]]></system-err>
  </testcase>
  <testcase name="emailSmsTicket_invalidtin_validemail" classname="tests.TestsType_EmailSmsTicket" time="20.929">
    <system-out><![CDATA[04:07:54.628 [main] INFO  tests.TestsType_EmailSmsTicket - Start test - testCase_emailSmsTicket_invalidtin_validemail
04:08:14.424 [main] INFO  tests.TestsType_EmailSmsTicket - navigated to emailSmsTicket page and details filled and submit clicked
04:08:14.659 [main] INFO  tests.TestsType_EmailSmsTicket - warning validated
04:08:15.553 [main] INFO  tests.TestsType_EmailSmsTicket - end test____________________________________________________
]]></system-out>
    <system-err><![CDATA[Starting ChromeDriver 91.0.4472.101 (af52a90bf87030dd1523486a1cd3ae25c5d76c9b-refs/branch-heads/4472@{#1462}) on port 18590
Only local connections are allowed.
Please see https://chromedriver.chromium.org/security-considerations for suggestions on keeping ChromeDriver safe.
ChromeDriver was started successfully.
Jul 06, 2021 4:07:56 AM org.openqa.selenium.remote.ProtocolHandshake createSession
INFO: Detected dialect: W3C
]]></system-err>
  </testcase>
  <testcase name="emailSmsTicket_validtin_invalidemail" classname="tests.TestsType_EmailSmsTicket" time="20.25">
    <system-out><![CDATA[04:08:15.556 [main] INFO  tests.TestsType_EmailSmsTicket - Start test - testCase_emailSmsTicket_validtin_invalidemail
04:08:34.712 [main] INFO  tests.TestsType_EmailSmsTicket - navigated to emailSmsTicket page and details filled and submit clicked
04:08:34.869 [main] INFO  tests.TestsType_EmailSmsTicket - warning validated
04:08:35.803 [main] INFO  tests.TestsType_EmailSmsTicket - end test____________________________________________________
]]></system-out>
    <system-err><![CDATA[Starting ChromeDriver 91.0.4472.101 (af52a90bf87030dd1523486a1cd3ae25c5d76c9b-refs/branch-heads/4472@{#1462}) on port 3826
Only local connections are allowed.
Please see https://chromedriver.chromium.org/security-considerations for suggestions on keeping ChromeDriver safe.
ChromeDriver was started successfully.
Jul 06, 2021 4:08:16 AM org.openqa.selenium.remote.ProtocolHandshake createSession
INFO: Detected dialect: W3C
]]></system-err>
  </testcase>
  <testcase name="emailSmsTicket_validtin_validemail" classname="tests.TestsType_EmailSmsTicket" time="28.491">
    <system-out><![CDATA[04:08:35.806 [main] INFO  tests.TestsType_EmailSmsTicket - Start test - testCase_emailSmsTicket_validtin_validemail
04:08:55.074 [main] INFO  tests.TestsType_EmailSmsTicket - navigated to home page
04:08:58.955 [main] INFO  tests.TestsType_EmailSmsTicket - navigated to EmailSmsTicket page
04:09:03.459 [main] INFO  tests.TestsType_EmailSmsTicket - details filled submit clicked
04:09:04.294 [main] INFO  tests.TestsType_EmailSmsTicket - end test____________________________________________________
]]></system-out>
    <system-err><![CDATA[Starting ChromeDriver 91.0.4472.101 (af52a90bf87030dd1523486a1cd3ae25c5d76c9b-refs/branch-heads/4472@{#1462}) on port 31666
Only local connections are allowed.
Please see https://chromedriver.chromium.org/security-considerations for suggestions on keeping ChromeDriver safe.
ChromeDriver was started successfully.
Jul 06, 2021 4:08:37 AM org.openqa.selenium.remote.ProtocolHandshake createSession
INFO: Detected dialect: W3C
]]></system-err>
  </testcase>
  <testcase name="helpTypeNavigationTest" classname="tests.TestsType_Help" time="121.833">
    <system-out><![CDATA[04:09:04.298 [main] INFO  tests.TestsType_Help - Start test - testCase_helpTypeNavigationTest
04:10:03.122 [main] INFO  tests.TestsType_Help - browser login and then site login
04:10:06.139 [main] INFO  tests.TestsType_Help - navigated to home page
04:10:09.244 [main] INFO  tests.TestsType_Help - navigated to help page
04:10:14.974 [main] INFO  tests.TestsType_Help - popups handled
04:10:16.393 [main] INFO  tests.TestsType_Help - navigated to newBusBookingHelp
04:10:25.901 [main] INFO  tests.TestsType_Help - navigated to covid19traveladvisory
04:10:32.398 [main] INFO  tests.TestsType_Help - navigated to safetyPlusFeatureHelp
04:10:38.896 [main] INFO  tests.TestsType_Help - navigated to technicalIssuesHelp
04:10:45.433 [main] INFO  tests.TestsType_Help - navigated to redbusReferralHelp
04:10:51.910 [main] INFO  tests.TestsType_Help - navigated to offersHelp
04:10:58.419 [main] INFO  tests.TestsType_Help - navigated to redBusWalletHelp
04:11:04.942 [main] INFO  tests.TestsType_Help - navigated to rpoolHelp
04:11:06.127 [main] INFO  tests.TestsType_Help - test end____________________________________________________
]]></system-out>
    <system-err><![CDATA[Starting ChromeDriver 91.0.4472.101 (af52a90bf87030dd1523486a1cd3ae25c5d76c9b-refs/branch-heads/4472@{#1462}) on port 23508
Only local connections are allowed.
Please see https://chromedriver.chromium.org/security-considerations for suggestions on keeping ChromeDriver safe.
ChromeDriver was started successfully.
Jul 06, 2021 4:09:05 AM org.openqa.selenium.remote.ProtocolHandshake createSession
INFO: Detected dialect: W3C
]]></system-err>
  </testcase>
  <testcase name="help_viewAllChatsNavigationTest" classname="tests.TestsType_Help" time="83.185">
    <system-out><![CDATA[04:11:06.129 [main] INFO  tests.TestsType_Help - Start test - testCase_help_viewAllChatsNavigationTest
04:12:05.364 [main] INFO  tests.TestsType_Help - browser login and then site login
04:12:05.379 [main] INFO  tests.TestsType_Help - navigated to home page
04:12:09.130 [main] INFO  tests.TestsType_Help - navigated to help page
04:12:12.493 [main] INFO  tests.TestsType_Help - popups handled
04:12:14.289 [main] INFO  tests.TestsType_Help - popups handled
04:12:15.519 [main] INFO  tests.TestsType_Help - navigated to chats page
04:12:22.058 [main] INFO  tests.TestsType_Help - view last chat
04:12:28.332 [main] INFO  tests.TestsType_Help - view previous chat
04:12:29.312 [main] INFO  tests.TestsType_Help - test end____________________________________________________
]]></system-out>
    <system-err><![CDATA[Starting ChromeDriver 91.0.4472.101 (af52a90bf87030dd1523486a1cd3ae25c5d76c9b-refs/branch-heads/4472@{#1462}) on port 21536
Only local connections are allowed.
Please see https://chromedriver.chromium.org/security-considerations for suggestions on keeping ChromeDriver safe.
ChromeDriver was started successfully.
Jul 06, 2021 4:11:07 AM org.openqa.selenium.remote.ProtocolHandshake createSession
INFO: Detected dialect: W3C
]]></system-err>
  </testcase>
  <testcase name="busHireOptionsNavigationTest" classname="tests.TestsType_BusHire" time="55.394">
    <system-out><![CDATA[04:12:29.316 [main] INFO  tests.TestsType_BusHire - Start test - testCase_busHireOptionsNavigationTest
04:12:50.821 [main] INFO  tests.TestsType_BusHire - navigate to home page
04:12:57.432 [main] INFO  tests.TestsType_BusHire - navigate to bus hire page
04:13:04.111 [main] INFO  tests.TestsType_BusHire - navigate to outstation page
04:13:10.864 [main] INFO  tests.TestsType_BusHire - navigate to local page
04:13:20.741 [main] INFO  tests.TestsType_BusHire - navigate to airport page
04:13:24.705 [main] INFO  tests.TestsType_BusHire - test ends____________________________________________________
]]></system-out>
    <system-err><![CDATA[Starting ChromeDriver 91.0.4472.101 (af52a90bf87030dd1523486a1cd3ae25c5d76c9b-refs/branch-heads/4472@{#1462}) on port 31908
Only local connections are allowed.
Please see https://chromedriver.chromium.org/security-considerations for suggestions on keeping ChromeDriver safe.
ChromeDriver was started successfully.
Jul 06, 2021 4:12:30 AM org.openqa.selenium.remote.ProtocolHandshake createSession
INFO: Detected dialect: W3C
]]></system-err>
  </testcase>
  <testcase name="employeeTransportTest_Invalid_BlankFields" classname="tests.TestsType_BusHire" time="35.516">
    <system-out><![CDATA[04:13:24.708 [main] INFO  tests.TestsType_BusHire - Start test - testCase_employeeTransportTest_Invalid_BlankFields
04:13:34.073 [main] INFO  tests.TestsType_BusHire - navigate to home page
04:13:39.734 [main] INFO  tests.TestsType_BusHire - navigate to bus hire page
04:13:49.338 [main] INFO  tests.TestsType_BusHire - navigate to rcommute page
04:13:52.770 [main] INFO  tests.TestsType_BusHire - submit clicked without filling fields
04:13:59.278 [main] INFO  tests.TestsType_BusHire - error appears
04:14:00.224 [main] INFO  tests.TestsType_BusHire - test ends____________________________________________________
]]></system-out>
    <system-err><![CDATA[Starting ChromeDriver 91.0.4472.101 (af52a90bf87030dd1523486a1cd3ae25c5d76c9b-refs/branch-heads/4472@{#1462}) on port 36525
Only local connections are allowed.
Please see https://chromedriver.chromium.org/security-considerations for suggestions on keeping ChromeDriver safe.
ChromeDriver was started successfully.
Jul 06, 2021 4:13:26 AM org.openqa.selenium.remote.ProtocolHandshake createSession
INFO: Detected dialect: W3C
]]></system-err>
  </testcase>
  <testcase name="employeeTransportTest_invalidEmailAndPhn" classname="tests.TestsType_BusHire" time="38.527">
    <system-out><![CDATA[04:14:00.226 [main] INFO  tests.TestsType_BusHire - Start test - testCase_employeeTransportTest_invalidEmailAndPhn
04:14:12.054 [main] INFO  tests.TestsType_BusHire - navigate to home page
04:14:17.757 [main] INFO  tests.TestsType_BusHire - navigate to bus hire page
04:14:27.338 [main] INFO  tests.TestsType_BusHire - navigate to rcommute page
04:14:31.461 [main] INFO  tests.TestsType_BusHire - fields filled with invalid credential format
04:14:31.640 [main] INFO  tests.TestsType_BusHire - submit clicked
04:14:37.824 [main] INFO  tests.TestsType_BusHire - error appears
04:14:38.749 [main] INFO  tests.TestsType_BusHire - test ends____________________________________________________
]]></system-out>
    <system-err><![CDATA[Starting ChromeDriver 91.0.4472.101 (af52a90bf87030dd1523486a1cd3ae25c5d76c9b-refs/branch-heads/4472@{#1462}) on port 14026
Only local connections are allowed.
Please see https://chromedriver.chromium.org/security-considerations for suggestions on keeping ChromeDriver safe.
ChromeDriver was started successfully.
Jul 06, 2021 4:14:01 AM org.openqa.selenium.remote.ProtocolHandshake createSession
INFO: Detected dialect: W3C
]]></system-err>
  </testcase>
</testsuite>