<?xml version="1.0" encoding="UTF-8"?>
<!-- Generated by org.testng.reporters.JUnitReportReporter -->
<testsuite skipped="0" hostname="pujaarora" name="tests.TestsType_Login" tests="1" failures="0" timestamp="04 Jul 2021 23:00:00 GMT" time="71.946" errors="0">
  <testcase name="loginWithFacebookTest" time="71.946" classname="tests.TestsType_Login"/>
</testsuite> <!-- tests.TestsType_Login -->
