<?xml version="1.0" encoding="UTF-8"?>
<!-- Generated by org.testng.reporters.JUnitReportReporter -->
<testsuite skipped="0" hostname="pujaarora" name="tests.Test02_SearchTest" tests="1" failures="0" timestamp="28 Jun 2021 12:41:16 GMT" time="53.772" errors="0">
  <testcase name="searchtest" time="53.772" classname="tests.Test02_SearchTest"/>
</testsuite> <!-- tests.Test02_SearchTest -->
