<?xml version="1.0" encoding="UTF-8"?>
<!-- Generated by org.testng.reporters.JUnitReportReporter -->
<testsuite skipped="0" hostname="pujaarora" name="tests.TestsType_BookSeat" tests="1" failures="0" timestamp="05 Jul 2021 21:46:23 GMT" time="121.119" errors="0">
  <testcase name="bookSeat_loggedInRedBusAccount" time="121.119" classname="tests.TestsType_BookSeat"/>
</testsuite> <!-- tests.TestsType_BookSeat -->
