<?xml version="1.0" encoding="UTF-8"?>
<!-- Generated by org.testng.reporters.JUnitReportReporter -->
<testsuite skipped="0" hostname="pujaarora" name="tests.TestsType04_BookSeat" tests="2" failures="0" timestamp="03 Jul 2021 09:58:07 GMT" time="226.686" errors="0">
  <testcase name="bookSeat_notloggedInRedBusAccount" time="87.458" classname="tests.TestsType04_BookSeat"/>
  <testcase name="bookSeat_loggedInRedBusAccount" time="139.228" classname="tests.TestsType04_BookSeat"/>
</testsuite> <!-- tests.TestsType04_BookSeat -->
