<?xml version="1.0" encoding="UTF-8"?>
<!-- Generated by org.testng.reporters.JUnitReportReporter -->
<testsuite skipped="0" hostname="pujaarora" name="tests.TestType10_BusHire" tests="4" failures="0" timestamp="03 Jul 2021 21:11:02 GMT" time="193.256" errors="0">
  <testcase name="employeeTransportTest_Invalid_BlankFields" time="49.514" classname="tests.TestType10_BusHire"/>
  <testcase name="employeeTransportTest_invalidEmailAndPhn" time="48.550" classname="tests.TestType10_BusHire"/>
  <testcase name="employeeTransportTest_valid" time="37.130" classname="tests.TestType10_BusHire"/>
  <testcase name="busHireOptions" time="58.062" classname="tests.TestType10_BusHire"/>
</testsuite> <!-- tests.TestType10_BusHire -->
