<?xml version="1.0" encoding="UTF-8"?>
<!-- Generated by org.testng.reporters.JUnitReportReporter -->
<testsuite skipped="0" hostname="pujaarora" name="tests.TestsType03_SearchCityNameAndDateTest" tests="1" failures="0" timestamp="02 Jul 2021 12:14:51 GMT" time="95.257" errors="0">
  <testcase name="searchtest" time="95.257" classname="tests.TestsType03_SearchCityNameAndDateTest"/>
</testsuite> <!-- tests.TestsType03_SearchCityNameAndDateTest -->
