<?xml version="1.0" encoding="UTF-8"?>
<!-- Generated by org.testng.reporters.JUnitReportReporter -->
<testsuite skipped="0" hostname="pujaarora" name="tests.TestsType02_Login" tests="1" failures="0" timestamp="03 Jul 2021 11:46:19 GMT" time="94.929" errors="0">
  <testcase name="loginWithFacebookTest" time="94.929" classname="tests.TestsType02_Login"/>
</testsuite> <!-- tests.TestsType02_Login -->
