<?xml version="1.0" encoding="UTF-8"?>
<!-- Generated by org.testng.reporters.JUnitReportReporter -->
<testsuite skipped="0" hostname="pujaarora" name="tests.TestsType08_EmailSmsTicket" tests="4" failures="0" timestamp="02 Jul 2021 19:48:39 GMT" time="97.341" errors="0">
  <testcase name="emailSmsTicket_validtin_validemail" time="18.789" classname="tests.TestsType08_EmailSmsTicket"/>
  <testcase name="emailSmsTicket_invalidtin_invalidemail" time="12.879" classname="tests.TestsType08_EmailSmsTicket"/>
  <testcase name="emailSmsTicket_invalidtin_validemail" time="18.083" classname="tests.TestsType08_EmailSmsTicket"/>
  <testcase name="emailSmsTicket_validtin_invalidemail" time="47.590" classname="tests.TestsType08_EmailSmsTicket"/>
</testsuite> <!-- tests.TestsType08_EmailSmsTicket -->
