<?xml version="1.0" encoding="UTF-8"?>
<!-- Generated by org.testng.reporters.JUnitReportReporter -->
<testsuite skipped="0" hostname="pujaarora" name="tests.TestsType09_Help" tests="2" failures="0" timestamp="02 Jul 2021 23:00:31 GMT" time="273.776" errors="0">
  <testcase name="helpTypeTest" time="164.863" classname="tests.TestsType09_Help"/>
  <testcase name="help_viewAllChats" time="108.913" classname="tests.TestsType09_Help"/>
</testsuite> <!-- tests.TestsType09_Help -->
