<?xml version="1.0" encoding="UTF-8"?>
<!-- Generated by org.testng.reporters.JUnitReportReporter -->
<testsuite skipped="0" hostname="pujaarora" name="tests.TestsType05_CancelTicket" tests="4" failures="0" timestamp="02 Jul 2021 12:10:45 GMT" time="141.013" errors="0">
  <testcase name="cancelTicket_invalidtin_invalidemail" time="20.922" classname="tests.TestsType05_CancelTicket"/>
  <testcase name="cancelTicket_validtin_validemail" time="38.111" classname="tests.TestsType05_CancelTicket"/>
  <testcase name="cancelTicket_invalidtin_validemail" time="41.254" classname="tests.TestsType05_CancelTicket"/>
  <testcase name="cancelTicket_validtin_invalidemail" time="40.726" classname="tests.TestsType05_CancelTicket"/>
</testsuite> <!-- tests.TestsType05_CancelTicket -->
