<?xml version="1.0" encoding="UTF-8"?>
<!-- Generated by org.testng.reporters.JUnitReportReporter -->
<testsuite skipped="0" hostname="pujaarora" name="tests.Test02_LoginTest" tests="1" failures="0" timestamp="29 Jun 2021 19:32:01 GMT" time="64.703" errors="0">
  <testcase name="loginWithFacebookTest" time="64.703" classname="tests.Test02_LoginTest"/>
</testsuite> <!-- tests.Test02_LoginTest -->
