<?xml version="1.0" encoding="UTF-8"?>
<!-- Generated by org.testng.reporters.JUnitReportReporter -->
<testsuite skipped="0" hostname="pujaarora" name="tests.Test04_BookSeat" tests="1" failures="0" timestamp="29 Jun 2021 19:05:00 GMT" time="101.889" errors="0">
  <testcase name="bookSeat_notloggedInRedBusAccount" time="101.889" classname="tests.Test04_BookSeat"/>
</testsuite> <!-- tests.Test04_BookSeat -->
