<?xml version="1.0" encoding="UTF-8"?>
<!-- Generated by org.testng.reporters.JUnitReportReporter -->
<testsuite skipped="0" hostname="pujaarora" name="tests.TestsType07_ShowMyTicket" tests="4" failures="0" timestamp="02 Jul 2021 19:37:52 GMT" time="87.051" errors="0">
  <testcase name="showMyTicket_invalidtin_invalidemail" time="5.893" classname="tests.TestsType07_ShowMyTicket"/>
  <testcase name="showMyTicket_invalidtin_validemail" time="16.116" classname="tests.TestsType07_ShowMyTicket"/>
  <testcase name="showMyTicket_validtin_invalidemail" time="37.896" classname="tests.TestsType07_ShowMyTicket"/>
  <testcase name="showMyTicket_validtin_validemail" time="27.146" classname="tests.TestsType07_ShowMyTicket"/>
</testsuite> <!-- tests.TestsType07_ShowMyTicket -->
