<?xml version="1.0" encoding="UTF-8"?>
<!-- Generated by org.testng.reporters.JUnitReportReporter -->
<testsuite skipped="0" hostname="pujaarora" name="tests.sample" tests="1" failures="0" timestamp="05 Jul 2021 20:17:33 GMT" time="10.019" errors="0">
  <testcase name="testsample" time="10.019" classname="tests.sample"/>
</testsuite> <!-- tests.sample -->
