<?xml version="1.0" encoding="UTF-8"?>
<!-- Generated by org.testng.reporters.JUnitReportReporter -->
<testsuite skipped="0" hostname="pujaarora" name="tests.Test03_SearchTest" tests="1" failures="0" timestamp="28 Jun 2021 21:46:37 GMT" time="51.496" errors="0">
  <testcase name="searchtest" time="51.496" classname="tests.Test03_SearchTest"/>
</testsuite> <!-- tests.Test03_SearchTest -->
