<?xml version="1.0" encoding="UTF-8"?>
<!-- Generated by org.testng.reporters.JUnitReportReporter -->
<testsuite skipped="0" hostname="pujaarora" name="tests.TestsType06_ChangeTravelDate" tests="4" failures="0" timestamp="02 Jul 2021 19:26:02 GMT" time="90.055" errors="0">
  <testcase name="ChangeTravelDate_invalidtin_invalidemail" time="13.011" classname="tests.TestsType06_ChangeTravelDate"/>
  <testcase name="ChangeTravelDate_invalidtin_validemail" time="41.018" classname="tests.TestsType06_ChangeTravelDate"/>
  <testcase name="ChangeTravelDate_validtin_invalidemail" time="20.800" classname="tests.TestsType06_ChangeTravelDate"/>
  <testcase name="ChangeTravelDate_validtin_validemail" time="15.226" classname="tests.TestsType06_ChangeTravelDate"/>
</testsuite> <!-- tests.TestsType06_ChangeTravelDate -->
