<?xml version="1.0" encoding="UTF-8"?>
<!-- Generated by org.testng.reporters.JUnitReportReporter -->
<testsuite skipped="0" hostname="pujaarora" name="tests.TestsType_BookSeat" tests="1" failures="0" timestamp="05 Jul 2021 15:29:39 GMT" time="181.523" errors="0">
  <testcase name="bookSeat_loggedInRedBusAccount" time="181.523" classname="tests.TestsType_BookSeat"/>
</testsuite> <!-- tests.TestsType_BookSeat -->
