<?xml version="1.0" encoding="UTF-8"?>
<!-- Generated by org.testng.reporters.JUnitReportReporter -->
<testsuite skipped="0" hostname="pujaarora" name="tests.TestsType_SearchCityNameAndDateTest" tests="1" failures="0" timestamp="05 Jul 2021 22:44:39 GMT" time="88.266" errors="0">
  <testcase name="searchtest" time="88.266" classname="tests.TestsType_SearchCityNameAndDateTest"/>
</testsuite> <!-- tests.TestsType_SearchCityNameAndDateTest -->
