<?xml version="1.0" encoding="UTF-8"?>
<!-- Generated by org.testng.reporters.JUnitReportReporter -->
<testsuite skipped="0" hostname="pujaarora" name="tests.TestsType_Help" tests="2" failures="0" timestamp="05 Jul 2021 22:44:39 GMT" time="205.016" errors="0">
  <testcase name="help_viewAllChatsNavigationTest" time="83.185" classname="tests.TestsType_Help"/>
  <testcase name="helpTypeNavigationTest" time="121.831" classname="tests.TestsType_Help"/>
</testsuite> <!-- tests.TestsType_Help -->
