<?xml version="1.0" encoding="UTF-8"?>
<!-- Generated by org.testng.reporters.JUnitReportReporter -->
<testsuite skipped="0" hostname="pujaarora" name="tests.TestsType_EmailSmsTicket" tests="4" failures="0" timestamp="05 Jul 2021 16:06:16 GMT" time="129.327" errors="0">
  <testcase name="emailSmsTicket_validtin_invalidemail" time="37.070" classname="tests.TestsType_EmailSmsTicket"/>
  <testcase name="emailSmsTicket_validtin_validemail" time="36.760" classname="tests.TestsType_EmailSmsTicket"/>
  <testcase name="emailSmsTicket_invalidtin_invalidemail" time="18.586" classname="tests.TestsType_EmailSmsTicket"/>
  <testcase name="emailSmsTicket_invalidtin_validemail" time="36.911" classname="tests.TestsType_EmailSmsTicket"/>
</testsuite> <!-- tests.TestsType_EmailSmsTicket -->
