<?xml version="1.0" encoding="UTF-8"?>
<!-- Generated by org.testng.reporters.JUnitReportReporter -->
<testsuite skipped="0" hostname="pujaarora" name="tests.TestsType_BusHire" tests="3" failures="0" timestamp="05 Jul 2021 22:44:39 GMT" time="129.432" errors="0">
  <testcase name="busHireOptionsNavigationTest" time="55.390" classname="tests.TestsType_BusHire"/>
  <testcase name="employeeTransportTest_Invalid_BlankFields" time="35.517" classname="tests.TestsType_BusHire"/>
  <testcase name="employeeTransportTest_invalidEmailAndPhn" time="38.525" classname="tests.TestsType_BusHire"/>
</testsuite> <!-- tests.TestsType_BusHire -->
