<?xml version="1.0" encoding="UTF-8"?>
<!-- Generated by org.testng.reporters.JUnitReportReporter -->
<testsuite skipped="0" hostname="pujaarora" name="tests.TestsType_Login" tests="4" failures="0" timestamp="05 Jul 2021 22:44:39 GMT" time="190.334" errors="0">
  <testcase name="loginWithPhnNoInValidTest" time="26.310" classname="tests.TestsType_Login"/>
  <testcase name="loginWithGoogleTest" time="80.702" classname="tests.TestsType_Login"/>
  <testcase name="loginWithPhnNoValidTest" time="23.997" classname="tests.TestsType_Login"/>
  <testcase name="loginWithFacebookTest" time="59.325" classname="tests.TestsType_Login"/>
</testsuite> <!-- tests.TestsType_Login -->
