<?xml version="1.0" encoding="UTF-8"?>
<!-- Generated by org.testng.reporters.JUnitReportReporter -->
<testsuite skipped="0" hostname="pujaarora" name="tests.TestsType_ChangeTravelDate" tests="4" failures="0" timestamp="05 Jul 2021 22:44:39 GMT" time="92.525" errors="0">
  <testcase name="ChangeTravelDate_invalidtin_invalidemail" time="30.118" classname="tests.TestsType_ChangeTravelDate"/>
  <testcase name="ChangeTravelDate_invalidtin_validemail" time="22.182" classname="tests.TestsType_ChangeTravelDate"/>
  <testcase name="ChangeTravelDate_validtin_invalidemail" time="21.078" classname="tests.TestsType_ChangeTravelDate"/>
  <testcase name="ChangeTravelDate_validtin_validemail" time="19.147" classname="tests.TestsType_ChangeTravelDate"/>
</testsuite> <!-- tests.TestsType_ChangeTravelDate -->
