<?xml version="1.0" encoding="UTF-8"?>
<!-- Generated by org.testng.reporters.JUnitReportReporter -->
<testsuite skipped="0" hostname="pujaarora" name="tests.TestsType_SearchCityNameAndDateTest" tests="1" failures="0" timestamp="05 Jul 2021 16:06:16 GMT" time="103.254" errors="0">
  <testcase name="searchtest" time="103.254" classname="tests.TestsType_SearchCityNameAndDateTest"/>
</testsuite> <!-- tests.TestsType_SearchCityNameAndDateTest -->
