<?xml version="1.0" encoding="UTF-8"?>
<!-- Generated by org.testng.reporters.JUnitReportReporter -->
<testsuite skipped="0" hostname="pujaarora" name="tests.TestsType_CancelTicket" tests="4" failures="0" timestamp="05 Jul 2021 22:44:39 GMT" time="87.483" errors="0">
  <testcase name="cancelTicket_validtin_validemail" time="18.454" classname="tests.TestsType_CancelTicket"/>
  <testcase name="cancelTicket_invalidtin_validemail" time="25.782" classname="tests.TestsType_CancelTicket"/>
  <testcase name="cancelTicket_invalidtin_invalidemail" time="20.668" classname="tests.TestsType_CancelTicket"/>
  <testcase name="cancelTicket_validtin_invalidemail" time="22.579" classname="tests.TestsType_CancelTicket"/>
</testsuite> <!-- tests.TestsType_CancelTicket -->
