<?xml version="1.0" encoding="UTF-8"?>
<!-- Generated by org.testng.reporters.JUnitReportReporter -->
<testsuite skipped="0" hostname="pujaarora" name="tests.TestsType_BusHire" tests="3" failures="0" timestamp="06 Jul 2021 00:15:28 GMT" time="113.541" errors="0">
  <testcase name="employeeTransportTest_invalidEmailAndPhn" time="34.984" classname="tests.TestsType_BusHire"/>
  <testcase name="busHireOptionsNavigationTest" time="45.164" classname="tests.TestsType_BusHire"/>
  <testcase name="employeeTransportTest_Invalid_BlankFields" time="33.393" classname="tests.TestsType_BusHire"/>
</testsuite> <!-- tests.TestsType_BusHire -->
