<?xml version="1.0" encoding="UTF-8"?>
<!-- Generated by org.testng.reporters.JUnitReportReporter -->
<testsuite skipped="0" hostname="pujaarora" name="tests.TestsType_Login" tests="4" failures="0" timestamp="06 Jul 2021 00:15:28 GMT" time="192.257" errors="0">
  <testcase name="loginWithPhnNoValidTest" time="41.376" classname="tests.TestsType_Login"/>
  <testcase name="loginWithPhnNoInValidTest" time="27.622" classname="tests.TestsType_Login"/>
  <testcase name="loginWithGoogleTest" time="69.547" classname="tests.TestsType_Login"/>
  <testcase name="loginWithFacebookTest" time="53.712" classname="tests.TestsType_Login"/>
</testsuite> <!-- tests.TestsType_Login -->
