<?xml version="1.0" encoding="UTF-8"?>
<!-- Generated by org.testng.reporters.JUnitReportReporter -->
<testsuite skipped="0" hostname="pujaarora" name="tests.TestsType_SearchCityNameAndDateTest" tests="1" failures="0" timestamp="06 Jul 2021 00:15:28 GMT" time="85.045" errors="0">
  <testcase name="searchtest" time="85.045" classname="tests.TestsType_SearchCityNameAndDateTest"/>
</testsuite> <!-- tests.TestsType_SearchCityNameAndDateTest -->
