<?xml version="1.0" encoding="UTF-8"?>
<!-- Generated by org.testng.reporters.JUnitReportReporter -->
<testsuite skipped="0" hostname="pujaarora" name="tests.TestsType_CancelTicket" tests="4" failures="0" timestamp="06 Jul 2021 00:15:28 GMT" time="78.453" errors="0">
  <testcase name="cancelTicket_validtin_invalidemail" time="19.788" classname="tests.TestsType_CancelTicket"/>
  <testcase name="cancelTicket_invalidtin_validemail" time="21.902" classname="tests.TestsType_CancelTicket"/>
  <testcase name="cancelTicket_invalidtin_invalidemail" time="19.758" classname="tests.TestsType_CancelTicket"/>
  <testcase name="cancelTicket_validtin_validemail" time="17.005" classname="tests.TestsType_CancelTicket"/>
</testsuite> <!-- tests.TestsType_CancelTicket -->
