<?xml version="1.0" encoding="UTF-8"?>
<!-- Generated by org.testng.reporters.JUnitReportReporter -->
<testsuite skipped="0" hostname="pujaarora" name="tests.TestsType_CancelTicket" tests="4" failures="0" timestamp="05 Jul 2021 16:06:16 GMT" time="117.699" errors="0">
  <testcase name="cancelTicket_invalidtin_validemail" time="22.572" classname="tests.TestsType_CancelTicket"/>
  <testcase name="cancelTicket_validtin_invalidemail" time="39.254" classname="tests.TestsType_CancelTicket"/>
  <testcase name="cancelTicket_validtin_validemail" time="16.775" classname="tests.TestsType_CancelTicket"/>
  <testcase name="cancelTicket_invalidtin_invalidemail" time="39.098" classname="tests.TestsType_CancelTicket"/>
</testsuite> <!-- tests.TestsType_CancelTicket -->
