<?xml version="1.0" encoding="UTF-8"?>
<!-- Generated by org.testng.reporters.JUnitReportReporter -->
<testsuite skipped="0" hostname="pujaarora" name="tests.TestsType_Login" tests="4" failures="0" timestamp="05 Jul 2021 16:06:16 GMT" time="215.241" errors="0">
  <testcase name="loginWithFacebookTest" time="71.410" classname="tests.TestsType_Login"/>
  <testcase name="loginWithPhnNoValidTest" time="41.580" classname="tests.TestsType_Login"/>
  <testcase name="loginWithGoogleTest" time="74.750" classname="tests.TestsType_Login"/>
  <testcase name="loginWithPhnNoInValidTest" time="27.501" classname="tests.TestsType_Login"/>
</testsuite> <!-- tests.TestsType_Login -->
