<?xml version="1.0" encoding="UTF-8"?>
<!-- Generated by org.testng.reporters.JUnitReportReporter -->
<testsuite skipped="0" hostname="pujaarora" name="tests.TestsType_EmailSmsTicket" tests="4" failures="0" timestamp="06 Jul 2021 00:15:28 GMT" time="91.535" errors="0">
  <testcase name="emailSmsTicket_invalidtin_invalidemail" time="17.249" classname="tests.TestsType_EmailSmsTicket"/>
  <testcase name="emailSmsTicket_validtin_validemail" time="36.563" classname="tests.TestsType_EmailSmsTicket"/>
  <testcase name="emailSmsTicket_validtin_invalidemail" time="17.748" classname="tests.TestsType_EmailSmsTicket"/>
  <testcase name="emailSmsTicket_invalidtin_validemail" time="19.975" classname="tests.TestsType_EmailSmsTicket"/>
</testsuite> <!-- tests.TestsType_EmailSmsTicket -->
