<?xml version="1.0" encoding="UTF-8"?>
<!-- Generated by org.testng.reporters.JUnitReportReporter -->
<testsuite skipped="0" hostname="pujaarora" name="tests.TestsType_ShowMyTicket" tests="4" failures="0" timestamp="05 Jul 2021 16:06:16 GMT" time="145.494" errors="0">
  <testcase name="showMyTicket_validtin_validemail" time="36.519" classname="tests.TestsType_ShowMyTicket"/>
  <testcase name="showMyTicket_validtin_invalidemail" time="36.466" classname="tests.TestsType_ShowMyTicket"/>
  <testcase name="showMyTicket_invalidtin_invalidemail" time="36.220" classname="tests.TestsType_ShowMyTicket"/>
  <testcase name="showMyTicket_invalidtin_validemail" time="36.289" classname="tests.TestsType_ShowMyTicket"/>
</testsuite> <!-- tests.TestsType_ShowMyTicket -->
