<?xml version="1.0" encoding="UTF-8"?>
<!-- Generated by org.testng.reporters.JUnitReportReporter -->
<testsuite skipped="0" hostname="pujaarora" name="tests.TestsType_ChangeTravelDate" tests="4" failures="0" timestamp="05 Jul 2021 16:06:16 GMT" time="147.395" errors="0">
  <testcase name="ChangeTravelDate_validtin_validemail" time="30.782" classname="tests.TestsType_ChangeTravelDate"/>
  <testcase name="ChangeTravelDate_invalidtin_invalidemail" time="38.914" classname="tests.TestsType_ChangeTravelDate"/>
  <testcase name="ChangeTravelDate_validtin_invalidemail" time="38.790" classname="tests.TestsType_ChangeTravelDate"/>
  <testcase name="ChangeTravelDate_invalidtin_validemail" time="38.909" classname="tests.TestsType_ChangeTravelDate"/>
</testsuite> <!-- tests.TestsType_ChangeTravelDate -->
