<?xml version="1.0" encoding="UTF-8"?>
<!-- Generated by org.testng.reporters.JUnitReportReporter -->
<testsuite skipped="0" hostname="pujaarora" name="tests.TestsType_ShowMyTicket" tests="4" failures="0" timestamp="06 Jul 2021 00:15:28 GMT" time="73.395" errors="0">
  <testcase name="showMyTicket_invalidtin_validemail" time="18.697" classname="tests.TestsType_ShowMyTicket"/>
  <testcase name="showMyTicket_invalidtin_invalidemail" time="17.566" classname="tests.TestsType_ShowMyTicket"/>
  <testcase name="showMyTicket_validtin_validemail" time="19.064" classname="tests.TestsType_ShowMyTicket"/>
  <testcase name="showMyTicket_validtin_invalidemail" time="18.068" classname="tests.TestsType_ShowMyTicket"/>
</testsuite> <!-- tests.TestsType_ShowMyTicket -->
