<?xml version="1.0" encoding="UTF-8"?>
<!-- Generated by org.testng.reporters.JUnitReportReporter -->
<testsuite skipped="0" hostname="pujaarora" name="tests.TestsType_BusHire" tests="3" failures="0" timestamp="05 Jul 2021 16:06:16 GMT" time="162.960" errors="0">
  <testcase name="employeeTransportTest_invalidEmailAndPhn" time="52.207" classname="tests.TestsType_BusHire"/>
  <testcase name="employeeTransportTest_Invalid_BlankFields" time="52.428" classname="tests.TestsType_BusHire"/>
  <testcase name="busHireOptionsNavigationTest" time="58.325" classname="tests.TestsType_BusHire"/>
</testsuite> <!-- tests.TestsType_BusHire -->
