<?xml version="1.0" encoding="UTF-8"?>
<!-- Generated by org.testng.reporters.JUnitReportReporter -->
<testsuite skipped="0" hostname="pujaarora" name="tests.TestsType_ShowMyTicket" tests="4" failures="0" timestamp="05 Jul 2021 22:44:39 GMT" time="80.250" errors="0">
  <testcase name="showMyTicket_invalidtin_invalidemail" time="19.255" classname="tests.TestsType_ShowMyTicket"/>
  <testcase name="showMyTicket_invalidtin_validemail" time="21.748" classname="tests.TestsType_ShowMyTicket"/>
  <testcase name="showMyTicket_validtin_invalidemail" time="19.111" classname="tests.TestsType_ShowMyTicket"/>
  <testcase name="showMyTicket_validtin_validemail" time="20.136" classname="tests.TestsType_ShowMyTicket"/>
</testsuite> <!-- tests.TestsType_ShowMyTicket -->
