<?xml version="1.0" encoding="UTF-8"?>
<!-- Generated by org.testng.reporters.JUnitReportReporter -->
<testsuite skipped="0" hostname="pujaarora" name="tests.TestsType_Help" tests="2" failures="0" timestamp="06 Jul 2021 00:15:28 GMT" time="181.403" errors="0">
  <testcase name="help_viewAllChatsNavigationTest" time="71.857" classname="tests.TestsType_Help"/>
  <testcase name="helpTypeNavigationTest" time="109.546" classname="tests.TestsType_Help"/>
</testsuite> <!-- tests.TestsType_Help -->
