<?xml version="1.0" encoding="UTF-8"?>
<!-- Generated by org.testng.reporters.JUnitReportReporter -->
<testsuite skipped="0" hostname="pujaarora" name="tests.TestsType_EmailSmsTicket" tests="4" failures="0" timestamp="05 Jul 2021 22:44:39 GMT" time="99.359" errors="0">
  <testcase name="emailSmsTicket_invalidtin_validemail" time="20.926" classname="tests.TestsType_EmailSmsTicket"/>
  <testcase name="emailSmsTicket_validtin_validemail" time="28.490" classname="tests.TestsType_EmailSmsTicket"/>
  <testcase name="emailSmsTicket_validtin_invalidemail" time="20.248" classname="tests.TestsType_EmailSmsTicket"/>
  <testcase name="emailSmsTicket_invalidtin_invalidemail" time="29.695" classname="tests.TestsType_EmailSmsTicket"/>
</testsuite> <!-- tests.TestsType_EmailSmsTicket -->
