<?xml version="1.0" encoding="UTF-8"?>
<!-- Generated by org.testng.reporters.JUnitReportReporter -->
<testsuite skipped="0" hostname="pujaarora" name="tests.TestsType_ChangeTravelDate" tests="4" failures="0" timestamp="06 Jul 2021 00:15:28 GMT" time="83.727" errors="0">
  <testcase name="ChangeTravelDate_validtin_validemail" time="17.908" classname="tests.TestsType_ChangeTravelDate"/>
  <testcase name="ChangeTravelDate_invalidtin_invalidemail" time="20.652" classname="tests.TestsType_ChangeTravelDate"/>
  <testcase name="ChangeTravelDate_invalidtin_validemail" time="21.411" classname="tests.TestsType_ChangeTravelDate"/>
  <testcase name="ChangeTravelDate_validtin_invalidemail" time="23.756" classname="tests.TestsType_ChangeTravelDate"/>
</testsuite> <!-- tests.TestsType_ChangeTravelDate -->
